<?xml version="1.0" encoding="UTF-8"?>
<coverage generated="1737486622183" clover="3.2.0">
  <project timestamp="1737486622183" name="All files">
    <metrics statements="17" coveredstatements="17" conditionals="12" coveredconditionals="11" methods="5" coveredmethods="5" elements="34" coveredelements="33" complexity="0" loc="17" ncloc="17" packages="1" files="2" classes="2"/>
    <file name="calculador.js" path="C:\Users\joseg\Documents\ESTUDOS\node\calculador.js">
      <metrics statements="5" coveredstatements="5" conditionals="0" coveredconditionals="0" methods="4" coveredmethods="4"/>
      <line num="2" count="1" type="stmt"/>
      <line num="6" count="1" type="stmt"/>
      <line num="10" count="1" type="stmt"/>
      <line num="14" count="1" type="stmt"/>
      <line num="16" count="1" type="stmt"/>
    </file>
    <file name="index2.js" path="C:\Users\joseg\Documents\ESTUDOS\node\index2.js">
      <metrics statements="12" coveredstatements="12" conditionals="12" coveredconditionals="11" methods="1" coveredmethods="1"/>
      <line num="2" count="4" type="cond" truecount="4" falsecount="0"/>
      <line num="3" count="1" type="stmt"/>
      <line num="6" count="3" type="cond" truecount="4" falsecount="0"/>
      <line num="7" count="1" type="stmt"/>
      <line num="10" count="2" type="stmt"/>
      <line num="13" count="2" type="cond" truecount="2" falsecount="0"/>
      <line num="14" count="1" type="stmt"/>
      <line num="15" count="1" type="cond" truecount="1" falsecount="1"/>
      <line num="16" count="1" type="stmt"/>
      <line num="19" count="2" type="stmt"/>
      <line num="20" count="2" type="stmt"/>
      <line num="23" count="1" type="stmt"/>
    </file>
  </project>
</coverage>
