TN:
SF:calculador.js
FN:1,somar
FN:5,subtrair
FN:9,multiplicar
FN:13,dividir
FNF:4
FNH:4
FNDA:1,somar
FNDA:1,subtrair
FNDA:1,multiplicar
FNDA:1,dividir
DA:2,1
DA:6,1
DA:10,1
DA:14,1
DA:16,1
LF:5
LH:5
BRF:0
BRH:0
end_of_record
TN:
SF:index2.js
FN:1,combustivel
FNF:1
FNH:1
FNDA:4,combustivel
DA:2,4
DA:3,1
DA:6,3
DA:7,1
DA:10,2
DA:13,2
DA:14,1
DA:15,1
DA:16,1
DA:19,2
DA:20,2
DA:23,1
LF:12
LH:12
BRDA:2,0,0,1
BRDA:2,0,1,3
BRDA:2,1,0,4
BRDA:2,1,1,4
BRDA:6,2,0,1
BRDA:6,2,1,2
BRDA:6,3,0,3
BRDA:6,3,1,2
BRDA:13,4,0,1
BRDA:13,4,1,1
BRDA:15,5,0,1
BRDA:15,5,1,0
BRF:12
BRH:11
end_of_record
